<?xml version="1.0" encoding="UTF-8"?>
<!-- Generated by org.testng.reporters.JUnitReportReporter -->
<testsuite hostname="DESKTOP-KDKJ11Q" failures="0" tests="2" name="Runner.TestRunner" time="30.980" errors="0" timestamp="2022-02-16T00:34:25 PST" skipped="0">
  <testcase classname="Runner.TestRunner" name="runScenario" time="21.941"/>
  <system-out/>
  <testcase classname="Runner.TestRunner" name="runScenario" time="9.039"/>
  <system-out/>
</testsuite> <!-- Runner.TestRunner -->
